Running: C:\Xilinx\14.4\ISE_DS\ISE\bin\nt64\unwrapped\fuse.exe -intstyle ise -incremental -lib secureip -o C:/Xilinx/Project/Uart/Uart_clk/simu01_isim_beh.exe -prj C:/Xilinx/Project/Uart/Uart_clk/simu01_beh.prj work.simu01 
ISim P.49d (signature 0x7708f090)
Number of CPUs detected in this system: 4
Turning on mult-threading, number of parallel sub-compilation jobs: 8 
Determining compilation order of HDL files
Parsing VHDL file "C:/Xilinx/Project/Uart/Uart_clk/clk_div.vhd" into library work
Parsing VHDL file "C:/Xilinx/Project/Uart/Uart_clk/Uart_top.vhd" into library work
Parsing VHDL file "C:/Xilinx/Project/Uart/Uart_clk/simu01.vhd" into library work
Starting static elaboration
Completed static elaboration
Compiling package standard
Compiling package std_logic_1164
Compiling package std_logic_arith
Compiling package std_logic_unsigned
Compiling package std_logic_signed
Compiling architecture behavioral of entity clk_div [clk_div_default]
Compiling architecture behavioral of entity Uart_top [uart_top_default]
Compiling architecture behavior of entity simu01
Time Resolution for simulation is 1ps.
Waiting for 1 sub-compilation(s) to finish...
Compiled 10 VHDL Units
Built simulation executable C:/Xilinx/Project/Uart/Uart_clk/simu01_isim_beh.exe
Fuse Memory Usage: 33352 KB
Fuse CPU Usage: 2245 ms
