Release 14.4 - xst P.49d (nt64)
Copyright (c) 1995-2012 Xilinx, Inc.  All rights reserved.
--> Parameter TMPDIR set to xst/projnav.tmp


Total REAL time to Xst completion: 1.00 secs
Total CPU time to Xst completion: 0.14 secs
 
--> Parameter xsthdpdir set to xst


Total REAL time to Xst completion: 1.00 secs
Total CPU time to Xst completion: 0.14 secs
 
--> Reading design: Uart_top.prj

TABLE OF CONTENTS
  1) Synthesis Options Summary
  2) HDL Parsing
  3) HDL Elaboration
  4) HDL Synthesis
       4.1) HDL Synthesis Report
  5) Advanced HDL Synthesis
       5.1) Advanced HDL Synthesis Report
  6) Low Level Synthesis
  7) Partition Report
  8) Design Summary
       8.1) Primitive and Black Box Usage
       8.2) Device utilization summary
       8.3) Partition Resource Summary
       8.4) Timing Report
            8.4.1) Clock Information
            8.4.2) Asynchronous Control Signals Information
            8.4.3) Timing Summary
            8.4.4) Timing Details
            8.4.5) Cross Clock Domains Report


=========================================================================
*                      Synthesis Options Summary                        *
=========================================================================
---- Source Parameters
Input File Name                    : "Uart_top.prj"
Ignore Synthesis Constraint File   : NO

---- Target Parameters
Output File Name                   : "Uart_top"
Output Format                      : NGC
Target Device                      : xc6slx45t-3-fgg484

---- Source Options
Top Module Name                    : Uart_top
Automatic FSM Extraction           : YES
FSM Encoding Algorithm             : Auto
Safe Implementation                : No
FSM Style                          : LUT
RAM Extraction                     : Yes
RAM Style                          : Auto
ROM Extraction                     : Yes
Shift Register Extraction          : YES
ROM Style                          : Auto
Resource Sharing                   : YES
Asynchronous To Synchronous        : NO
Shift Register Minimum Size        : 2
Use DSP Block                      : Auto
Automatic Register Balancing       : No

---- Target Options
LUT Combining                      : Auto
Reduce Control Sets                : Auto
Add IO Buffers                     : YES
Global Maximum Fanout              : 100000
Add Generic Clock Buffer(BUFG)     : 16
Register Duplication               : YES
Optimize Instantiated Primitives   : NO
Use Clock Enable                   : Auto
Use Synchronous Set                : Auto
Use Synchronous Reset              : Auto
Pack IO Registers into IOBs        : Auto
Equivalent register Removal        : YES

---- General Options
Optimization Goal                  : Speed
Optimization Effort                : 1
Power Reduction                    : NO
Keep Hierarchy                     : No
Netlist Hierarchy                  : As_Optimized
RTL Output                         : Yes
Global Optimization                : AllClockNets
Read Cores                         : YES
Write Timing Constraints           : NO
Cross Clock Analysis               : NO
Hierarchy Separator                : /
Bus Delimiter                      : <>
Case Specifier                     : Maintain
Slice Utilization Ratio            : 100
BRAM Utilization Ratio             : 100
DSP48 Utilization Ratio            : 100
Auto BRAM Packing                  : NO
Slice Utilization Ratio Delta      : 5

=========================================================================


=========================================================================
*                          HDL Parsing                                  *
=========================================================================
Parsing VHDL file "C:\Xilinx\Project\Uart\Uart_rx\Uart_rx.vhd" into library work
Parsing entity <Uart_rx>.
Parsing architecture <Behavioral> of entity <uart_rx>.
Parsing VHDL file "C:\Xilinx\Project\Uart\Uart_rx\clk_div.vhd" into library work
Parsing entity <clk_div>.
Parsing architecture <Behavioral> of entity <clk_div>.
Parsing VHDL file "C:\Xilinx\Project\Uart\Uart_rx\Uart_top.vhd" into library work
Parsing entity <Uart_top>.
Parsing architecture <Behavioral> of entity <uart_top>.

=========================================================================
*                            HDL Elaboration                            *
=========================================================================

Elaborating entity <Uart_top> (architecture <Behavioral>) from library <work>.

Elaborating entity <clk_div> (architecture <Behavioral>) from library <work>.
INFO:HDLCompiler:679 - "C:\Xilinx\Project\Uart\Uart_rx\clk_div.vhd" Line 71. Case statement is complete. others clause is never selected

Elaborating entity <Uart_rx> (architecture <Behavioral>) from library <work>.
INFO:HDLCompiler:679 - "C:\Xilinx\Project\Uart\Uart_rx\Uart_rx.vhd" Line 132. Case statement is complete. others clause is never selected

=========================================================================
*                           HDL Synthesis                               *
=========================================================================

Synthesizing Unit <Uart_top>.
    Related source file is "C:\Xilinx\Project\Uart\Uart_rx\Uart_top.vhd".
WARNING:Xst:647 - Input <tick_in> is never used. This port will be preserved and left unconnected if it belongs to a top-level block or it belongs to a sub-block and the hierarchy of this sub-block is preserved.
INFO:Xst:3210 - "C:\Xilinx\Project\Uart\Uart_rx\Uart_top.vhd" line 76: Output port <tx_clk_out> of the instance <clk_div_unit> is unconnected or connected to loadless signal.
INFO:Xst:3210 - "C:\Xilinx\Project\Uart\Uart_rx\Uart_top.vhd" line 86: Output port <Rx_Data_out> of the instance <Uart_rx_block> is unconnected or connected to loadless signal.
    Summary:
	no macro.
Unit <Uart_top> synthesized.

Synthesizing Unit <clk_div>.
    Related source file is "C:\Xilinx\Project\Uart\Uart_rx\clk_div.vhd".
    Found 10-bit register for signal <Rx_Baud>.
    Found 14-bit register for signal <Tx_Baud>.
    Found 15-bit register for signal <Tx_counter>.
    Found 15-bit register for signal <Rx_counter>.
    Found 1-bit register for signal <Tx_tmp>.
    Found 1-bit register for signal <Rx_tmp>.
    Found 15-bit adder for signal <Tx_counter[14]_GND_7_o_add_5_OUT> created at line 87.
    Found 15-bit adder for signal <Rx_counter[14]_GND_7_o_add_9_OUT> created at line 103.
    Found 8x24-bit Read Only RAM for signal <_n0103>
    Found 15-bit comparator equal for signal <Tx_Baud[14]_Tx_counter[14]_equal_5_o> created at line 83
    Found 15-bit comparator equal for signal <Rx_Baud[14]_Rx_counter[14]_equal_9_o> created at line 99
    WARNING:Xst:2404 -  FFs/Latches <Rx_Baud<14:10>> (without init value) have a constant value of 0 in block <clk_div>.
    WARNING:Xst:2404 -  FFs/Latches <Tx_Baud<14:14>> (without init value) have a constant value of 0 in block <clk_div>.
    Summary:
	inferred   1 RAM(s).
	inferred   2 Adder/Subtractor(s).
	inferred  56 D-type flip-flop(s).
	inferred   2 Comparator(s).
	inferred   2 Multiplexer(s).
Unit <clk_div> synthesized.

Synthesizing Unit <Uart_rx>.
    Related source file is "C:\Xilinx\Project\Uart\Uart_rx\Uart_rx.vhd".
WARNING:Xst:647 - Input <reset> is never used. This port will be preserved and left unconnected if it belongs to a top-level block or it belongs to a sub-block and the hierarchy of this sub-block is preserved.
WARNING:Xst:653 - Signal <Rx_Data_out> is used but never assigned. This sourceless signal will be automatically connected to value GND.
    Found 3-bit register for signal <state>.
    Found 5-bit register for signal <Pulse_cnt>.
    Found 8-bit register for signal <Rx_Data>.
    Found 4-bit register for signal <Dbit_cnt>.
    Found 3-bit register for signal <Led>.
    Found 4-bit register for signal <rx_cnt>.
    Found finite state machine <FSM_0> for signal <state>.
    -----------------------------------------------------------------------
    | States             | 6                                              |
    | Transitions        | 14                                             |
    | Inputs             | 6                                              |
    | Outputs            | 3                                              |
    | Clock              | rx_clk_in (rising_edge)                        |
    | Power Up State     | idle                                           |
    | Encoding           | auto                                           |
    | Implementation     | LUT                                            |
    -----------------------------------------------------------------------
    Found finite state machine <FSM_1> for signal <Dbit_cnt>.
    -----------------------------------------------------------------------
    | States             | 9                                              |
    | Transitions        | 42                                             |
    | Inputs             | 5                                              |
    | Outputs            | 5                                              |
    | Clock              | rx_clk_in (rising_edge)                        |
    | Power Up State     | 0000                                           |
    | Encoding           | auto                                           |
    | Implementation     | LUT                                            |
    -----------------------------------------------------------------------
    Found 4-bit adder for signal <rx_cnt[3]_GND_9_o_add_0_OUT> created at line 60.
    Found 5-bit adder for signal <Pulse_cnt[4]_GND_9_o_add_11_OUT> created at line 78.
    Summary:
	inferred   2 Adder/Subtractor(s).
	inferred  20 D-type flip-flop(s).
	inferred  25 Multiplexer(s).
	inferred   2 Finite State Machine(s).
Unit <Uart_rx> synthesized.

=========================================================================
HDL Synthesis Report

Macro Statistics
# RAMs                                                 : 1
 8x24-bit single-port Read Only RAM                    : 1
# Adders/Subtractors                                   : 4
 15-bit adder                                          : 2
 4-bit adder                                           : 1
 5-bit adder                                           : 1
# Registers                                            : 10
 1-bit register                                        : 2
 10-bit register                                       : 1
 14-bit register                                       : 1
 15-bit register                                       : 2
 3-bit register                                        : 1
 4-bit register                                        : 1
 5-bit register                                        : 1
 8-bit register                                        : 1
# Comparators                                          : 2
 15-bit comparator equal                               : 2
# Multiplexers                                         : 27
 1-bit 2-to-1 multiplexer                              : 15
 15-bit 2-to-1 multiplexer                             : 2
 3-bit 2-to-1 multiplexer                              : 6
 5-bit 2-to-1 multiplexer                              : 3
 8-bit 2-to-1 multiplexer                              : 1
# FSMs                                                 : 2

=========================================================================

=========================================================================
*                       Advanced HDL Synthesis                          *
=========================================================================


Synthesizing (advanced) Unit <Uart_rx>.
The following registers are absorbed into counter <rx_cnt>: 1 register on signal <rx_cnt>.
Unit <Uart_rx> synthesized (advanced).

Synthesizing (advanced) Unit <clk_div>.
The following registers are absorbed into counter <Tx_counter>: 1 register on signal <Tx_counter>.
The following registers are absorbed into counter <Rx_counter>: 1 register on signal <Rx_counter>.
INFO:Xst:3218 - HDL ADVISOR - The RAM <Mram__n0103> will be implemented on LUTs either because you have described an asynchronous read or because of currently unsupported block RAM features. If you have described an asynchronous read, making it synchronous would allow you to take advantage of available block RAM resources, for optimized device usage and improved timings. Please refer to your documentation for coding guidelines.
    -----------------------------------------------------------------------
    | ram_type           | Distributed                         |          |
    -----------------------------------------------------------------------
    | Port A                                                              |
    |     aspect ratio   | 8-word x 24-bit                     |          |
    |     weA            | connected to signal <GND>           | high     |
    |     addrA          | connected to signal <Baudrate>      |          |
    |     diA            | connected to signal <GND>           |          |
    |     doA            | connected to internal node          |          |
    -----------------------------------------------------------------------
Unit <clk_div> synthesized (advanced).

=========================================================================
Advanced HDL Synthesis Report

Macro Statistics
# RAMs                                                 : 1
 8x24-bit single-port distributed Read Only RAM        : 1
# Adders/Subtractors                                   : 1
 5-bit adder                                           : 1
# Counters                                             : 3
 15-bit up counter                                     : 2
 4-bit up counter                                      : 1
# Registers                                            : 42
 Flip-Flops                                            : 42
# Comparators                                          : 2
 15-bit comparator equal                               : 2
# Multiplexers                                         : 25
 1-bit 2-to-1 multiplexer                              : 15
 3-bit 2-to-1 multiplexer                              : 6
 5-bit 2-to-1 multiplexer                              : 3
 8-bit 2-to-1 multiplexer                              : 1
# FSMs                                                 : 2

=========================================================================

=========================================================================
*                         Low Level Synthesis                           *
=========================================================================
Analyzing FSM <MFsm> for best encoding.
Optimizing FSM <Uart_rx_block/FSM_1> on signal <Dbit_cnt[1:4]> with user encoding.
-------------------
 State | Encoding
-------------------
 0000  | 0000
 0001  | 0001
 0010  | 0010
 0011  | 0011
 0100  | 0100
 0101  | 0101
 0110  | 0110
 0111  | 0111
 1000  | 1000
-------------------
Analyzing FSM <MFsm> for best encoding.
Optimizing FSM <Uart_rx_block/FSM_0> on signal <state[1:3]> with user encoding.
-------------------------
 State       | Encoding
-------------------------
 idle        | 000
 start       | 001
 data_first  | 010
 data_remain | 011
 stop        | 100
 send        | 101
-------------------------
WARNING:Xst:2677 - Node <Rx_Data_3> of sequential type is unconnected in block <Uart_rx>.
WARNING:Xst:2677 - Node <Rx_Data_4> of sequential type is unconnected in block <Uart_rx>.
WARNING:Xst:2677 - Node <Rx_Data_5> of sequential type is unconnected in block <Uart_rx>.
WARNING:Xst:2677 - Node <Rx_Data_6> of sequential type is unconnected in block <Uart_rx>.
WARNING:Xst:2677 - Node <Rx_Data_7> of sequential type is unconnected in block <Uart_rx>.
INFO:Xst:2261 - The FF/Latch <Rx_Baud_6> in Unit <clk_div> is equivalent to the following FF/Latch, which will be removed : <Tx_Baud_10> 
INFO:Xst:2261 - The FF/Latch <Rx_Baud_7> in Unit <clk_div> is equivalent to the following FF/Latch, which will be removed : <Tx_Baud_11> 
INFO:Xst:2261 - The FF/Latch <Rx_Baud_8> in Unit <clk_div> is equivalent to the following FF/Latch, which will be removed : <Tx_Baud_12> 
INFO:Xst:2261 - The FF/Latch <Rx_Baud_9> in Unit <clk_div> is equivalent to the following FF/Latch, which will be removed : <Tx_Baud_13> 

Optimizing unit <Uart_top> ...

Optimizing unit <clk_div> ...

Optimizing unit <Uart_rx> ...
WARNING:Xst:2677 - Node <clk_div_unit/Tx_counter_14> of sequential type is unconnected in block <Uart_top>.
WARNING:Xst:2677 - Node <clk_div_unit/Tx_counter_13> of sequential type is unconnected in block <Uart_top>.
WARNING:Xst:2677 - Node <clk_div_unit/Tx_counter_12> of sequential type is unconnected in block <Uart_top>.
WARNING:Xst:2677 - Node <clk_div_unit/Tx_counter_11> of sequential type is unconnected in block <Uart_top>.
WARNING:Xst:2677 - Node <clk_div_unit/Tx_counter_10> of sequential type is unconnected in block <Uart_top>.
WARNING:Xst:2677 - Node <clk_div_unit/Tx_counter_9> of sequential type is unconnected in block <Uart_top>.
WARNING:Xst:2677 - Node <clk_div_unit/Tx_counter_8> of sequential type is unconnected in block <Uart_top>.
WARNING:Xst:2677 - Node <clk_div_unit/Tx_counter_7> of sequential type is unconnected in block <Uart_top>.
WARNING:Xst:2677 - Node <clk_div_unit/Tx_counter_6> of sequential type is unconnected in block <Uart_top>.
WARNING:Xst:2677 - Node <clk_div_unit/Tx_counter_5> of sequential type is unconnected in block <Uart_top>.
WARNING:Xst:2677 - Node <clk_div_unit/Tx_counter_4> of sequential type is unconnected in block <Uart_top>.
WARNING:Xst:2677 - Node <clk_div_unit/Tx_counter_3> of sequential type is unconnected in block <Uart_top>.
WARNING:Xst:2677 - Node <clk_div_unit/Tx_counter_2> of sequential type is unconnected in block <Uart_top>.
WARNING:Xst:2677 - Node <clk_div_unit/Tx_counter_1> of sequential type is unconnected in block <Uart_top>.
WARNING:Xst:2677 - Node <clk_div_unit/Tx_counter_0> of sequential type is unconnected in block <Uart_top>.
WARNING:Xst:2677 - Node <clk_div_unit/Tx_tmp> of sequential type is unconnected in block <Uart_top>.
WARNING:Xst:2677 - Node <clk_div_unit/Tx_Baud_9> of sequential type is unconnected in block <Uart_top>.
WARNING:Xst:2677 - Node <clk_div_unit/Tx_Baud_8> of sequential type is unconnected in block <Uart_top>.
WARNING:Xst:2677 - Node <clk_div_unit/Tx_Baud_7> of sequential type is unconnected in block <Uart_top>.
WARNING:Xst:2677 - Node <clk_div_unit/Tx_Baud_6> of sequential type is unconnected in block <Uart_top>.
WARNING:Xst:2677 - Node <clk_div_unit/Tx_Baud_5> of sequential type is unconnected in block <Uart_top>.
WARNING:Xst:2677 - Node <clk_div_unit/Tx_Baud_4> of sequential type is unconnected in block <Uart_top>.
WARNING:Xst:2677 - Node <clk_div_unit/Tx_Baud_3> of sequential type is unconnected in block <Uart_top>.
WARNING:Xst:2677 - Node <clk_div_unit/Tx_Baud_2> of sequential type is unconnected in block <Uart_top>.
WARNING:Xst:2677 - Node <clk_div_unit/Tx_Baud_1> of sequential type is unconnected in block <Uart_top>.
WARNING:Xst:2677 - Node <clk_div_unit/Tx_Baud_0> of sequential type is unconnected in block <Uart_top>.

Mapping all equations...
Building and optimizing final netlist ...
Found area constraint ratio of 100 (+ 5) on block Uart_top, actual ratio is 0.

Final Macro Processing ...

=========================================================================
Final Register Report

Macro Statistics
# Registers                                            : 48
 Flip-Flops                                            : 48

=========================================================================

=========================================================================
*                           Partition Report                            *
=========================================================================

Partition Implementation Status
-------------------------------

  No Partitions were found in this design.

-------------------------------

=========================================================================
*                            Design Summary                             *
=========================================================================

Top Level Output File Name         : Uart_top.ngc

Primitive and Black Box Usage:
------------------------------
# BELS                             : 103
#      GND                         : 1
#      INV                         : 2
#      LUT2                        : 22
#      LUT3                        : 10
#      LUT4                        : 8
#      LUT5                        : 5
#      LUT6                        : 17
#      MUXCY                       : 20
#      MUXF7                       : 2
#      VCC                         : 1
#      XORCY                       : 15
# FlipFlops/Latches                : 48
#      FD                          : 7
#      FDC                         : 26
#      FDE                         : 15
# Clock Buffers                    : 2
#      BUFG                        : 1
#      BUFGP                       : 1
# IO Buffers                       : 8
#      IBUF                        : 5
#      OBUF                        : 3

Device utilization summary:
---------------------------

Selected Device : 6slx45tfgg484-3 


Slice Logic Utilization: 
 Number of Slice Registers:              48  out of  54576     0%  
 Number of Slice LUTs:                   64  out of  27288     0%  
    Number used as Logic:                64  out of  27288     0%  

Slice Logic Distribution: 
 Number of LUT Flip Flop pairs used:     67
   Number with an unused Flip Flop:      19  out of     67    28%  
   Number with an unused LUT:             3  out of     67     4%  
   Number of fully used LUT-FF pairs:    45  out of     67    67%  
   Number of unique control sets:         5

IO Utilization: 
 Number of IOs:                          13
 Number of bonded IOBs:                   9  out of    296     3%  

Specific Feature Utilization:
 Number of BUFG/BUFGCTRLs:                2  out of     16    12%  

---------------------------
Partition Resource Summary:
---------------------------

  No Partitions were found in this design.

---------------------------


=========================================================================
Timing Report

NOTE: THESE TIMING NUMBERS ARE ONLY A SYNTHESIS ESTIMATE.
      FOR ACCURATE TIMING INFORMATION PLEASE REFER TO THE TRACE REPORT
      GENERATED AFTER PLACE-and-ROUTE.

Clock Information:
------------------
-----------------------------------+------------------------+-------+
Clock Signal                       | Clock buffer(FF name)  | Load  |
-----------------------------------+------------------------+-------+
clk_in                             | BUFGP                  | 26    |
clk_div_unit/Rx_tmp                | BUFG                   | 22    |
-----------------------------------+------------------------+-------+

Asynchronous Control Signals Information:
----------------------------------------
No asynchronous control signals found in this design

Timing Summary:
---------------
Speed Grade: -3

   Minimum period: 3.793ns (Maximum Frequency: 263.640MHz)
   Minimum input arrival time before clock: 3.307ns
   Maximum output required time after clock: 3.597ns
   Maximum combinational path delay: No path found

Timing Details:
---------------
All values displayed in nanoseconds (ns)

=========================================================================
Timing constraint: Default period analysis for Clock 'clk_in'
  Clock period: 3.793ns (frequency: 263.640MHz)
  Total number of paths / destination ports: 3521 / 16
-------------------------------------------------------------------------
Delay:               3.793ns (Levels of Logic = 22)
  Source:            clk_div_unit/Rx_counter_0 (FF)
  Destination:       clk_div_unit/Rx_counter_14 (FF)
  Source Clock:      clk_in rising
  Destination Clock: clk_in rising

  Data Path: clk_div_unit/Rx_counter_0 to clk_div_unit/Rx_counter_14
                                Gate     Net
    Cell:in->out      fanout   Delay   Delay  Logical Name (Net Name)
    ----------------------------------------  ------------
     FDC:C->Q              2   0.447   0.961  clk_div_unit/Rx_counter_0 (clk_div_unit/Rx_counter_0)
     LUT6:I1->O            1   0.203   0.000  clk_div_unit/Mcompar_Rx_Baud[14]_Rx_counter[14]_equal_9_o_lut<0> (clk_div_unit/Mcompar_Rx_Baud[14]_Rx_counter[14]_equal_9_o_lut<0>)
     MUXCY:S->O            1   0.172   0.000  clk_div_unit/Mcompar_Rx_Baud[14]_Rx_counter[14]_equal_9_o_cy<0> (clk_div_unit/Mcompar_Rx_Baud[14]_Rx_counter[14]_equal_9_o_cy<0>)
     MUXCY:CI->O           1   0.019   0.000  clk_div_unit/Mcompar_Rx_Baud[14]_Rx_counter[14]_equal_9_o_cy<1> (clk_div_unit/Mcompar_Rx_Baud[14]_Rx_counter[14]_equal_9_o_cy<1>)
     MUXCY:CI->O           1   0.019   0.000  clk_div_unit/Mcompar_Rx_Baud[14]_Rx_counter[14]_equal_9_o_cy<2> (clk_div_unit/Mcompar_Rx_Baud[14]_Rx_counter[14]_equal_9_o_cy<2>)
     MUXCY:CI->O           1   0.019   0.000  clk_div_unit/Mcompar_Rx_Baud[14]_Rx_counter[14]_equal_9_o_cy<3> (clk_div_unit/Mcompar_Rx_Baud[14]_Rx_counter[14]_equal_9_o_cy<3>)
     MUXCY:CI->O          17   0.019   1.028  clk_div_unit/Mcompar_Rx_Baud[14]_Rx_counter[14]_equal_9_o_cy<4> (clk_div_unit/Rx_Baud[14]_Rx_counter[14]_equal_9_o)
     LUT2:I1->O            1   0.205   0.000  clk_div_unit/Mcount_Rx_counter_lut<0> (clk_div_unit/Mcount_Rx_counter_lut<0>)
     MUXCY:S->O            1   0.172   0.000  clk_div_unit/Mcount_Rx_counter_cy<0> (clk_div_unit/Mcount_Rx_counter_cy<0>)
     MUXCY:CI->O           1   0.019   0.000  clk_div_unit/Mcount_Rx_counter_cy<1> (clk_div_unit/Mcount_Rx_counter_cy<1>)
     MUXCY:CI->O           1   0.019   0.000  clk_div_unit/Mcount_Rx_counter_cy<2> (clk_div_unit/Mcount_Rx_counter_cy<2>)
     MUXCY:CI->O           1   0.019   0.000  clk_div_unit/Mcount_Rx_counter_cy<3> (clk_div_unit/Mcount_Rx_counter_cy<3>)
     MUXCY:CI->O           1   0.019   0.000  clk_div_unit/Mcount_Rx_counter_cy<4> (clk_div_unit/Mcount_Rx_counter_cy<4>)
     MUXCY:CI->O           1   0.019   0.000  clk_div_unit/Mcount_Rx_counter_cy<5> (clk_div_unit/Mcount_Rx_counter_cy<5>)
     MUXCY:CI->O           1   0.019   0.000  clk_div_unit/Mcount_Rx_counter_cy<6> (clk_div_unit/Mcount_Rx_counter_cy<6>)
     MUXCY:CI->O           1   0.019   0.000  clk_div_unit/Mcount_Rx_counter_cy<7> (clk_div_unit/Mcount_Rx_counter_cy<7>)
     MUXCY:CI->O           1   0.019   0.000  clk_div_unit/Mcount_Rx_counter_cy<8> (clk_div_unit/Mcount_Rx_counter_cy<8>)
     MUXCY:CI->O           1   0.019   0.000  clk_div_unit/Mcount_Rx_counter_cy<9> (clk_div_unit/Mcount_Rx_counter_cy<9>)
     MUXCY:CI->O           1   0.019   0.000  clk_div_unit/Mcount_Rx_counter_cy<10> (clk_div_unit/Mcount_Rx_counter_cy<10>)
     MUXCY:CI->O           1   0.019   0.000  clk_div_unit/Mcount_Rx_counter_cy<11> (clk_div_unit/Mcount_Rx_counter_cy<11>)
     MUXCY:CI->O           1   0.019   0.000  clk_div_unit/Mcount_Rx_counter_cy<12> (clk_div_unit/Mcount_Rx_counter_cy<12>)
     MUXCY:CI->O           0   0.019   0.000  clk_div_unit/Mcount_Rx_counter_cy<13> (clk_div_unit/Mcount_Rx_counter_cy<13>)
     XORCY:CI->O           1   0.180   0.000  clk_div_unit/Mcount_Rx_counter_xor<14> (clk_div_unit/Mcount_Rx_counter14)
     FDC:D                     0.102          clk_div_unit/Rx_counter_14
    ----------------------------------------
    Total                      3.793ns (1.804ns logic, 1.989ns route)
                                       (47.6% logic, 52.4% route)

=========================================================================
Timing constraint: Default period analysis for Clock 'clk_div_unit/Rx_tmp'
  Clock period: 3.705ns (frequency: 269.938MHz)
  Total number of paths / destination ports: 201 / 37
-------------------------------------------------------------------------
Delay:               3.705ns (Levels of Logic = 4)
  Source:            Uart_rx_block/Pulse_cnt_3 (FF)
  Destination:       Uart_rx_block/Dbit_cnt_FSM_FFd2 (FF)
  Source Clock:      clk_div_unit/Rx_tmp rising
  Destination Clock: clk_div_unit/Rx_tmp rising

  Data Path: Uart_rx_block/Pulse_cnt_3 to Uart_rx_block/Dbit_cnt_FSM_FFd2
                                Gate     Net
    Cell:in->out      fanout   Delay   Delay  Logical Name (Net Name)
    ----------------------------------------  ------------
     FDE:C->Q              6   0.447   0.973  Uart_rx_block/Pulse_cnt_3 (Uart_rx_block/Pulse_cnt_3)
     LUT4:I1->O           10   0.205   0.857  Uart_rx_block/PWR_9_o_Pulse_cnt[4]_equal_13_o<4>11 (Uart_rx_block/PWR_9_o_Pulse_cnt[4]_equal_13_o<4>1)
     LUT6:I5->O            1   0.205   0.580  Uart_rx_block/Dbit_cnt_FSM_FFd2-In3_SW1 (N7)
     LUT6:I5->O            1   0.205   0.000  Uart_rx_block/Dbit_cnt_FSM_FFd2-In3_F (N13)
     MUXF7:I0->O           1   0.131   0.000  Uart_rx_block/Dbit_cnt_FSM_FFd2-In3 (Uart_rx_block/Dbit_cnt_FSM_FFd2-In)
     FD:D                      0.102          Uart_rx_block/Dbit_cnt_FSM_FFd2
    ----------------------------------------
    Total                      3.705ns (1.295ns logic, 2.410ns route)
                                       (35.0% logic, 65.0% route)

=========================================================================
Timing constraint: Default OFFSET IN BEFORE for Clock 'clk_in'
  Total number of paths / destination ports: 54 / 36
-------------------------------------------------------------------------
Offset:              2.858ns (Levels of Logic = 1)
  Source:            reset (PAD)
  Destination:       clk_div_unit/Rx_counter_14 (FF)
  Destination Clock: clk_in rising

  Data Path: reset to clk_div_unit/Rx_counter_14
                                Gate     Net
    Cell:in->out      fanout   Delay   Delay  Logical Name (Net Name)
    ----------------------------------------  ------------
     IBUF:I->O            26   1.222   1.206  reset_IBUF (reset_IBUF)
     FDC:CLR                   0.430          clk_div_unit/Rx_Baud_0
    ----------------------------------------
    Total                      2.858ns (1.652ns logic, 1.206ns route)
                                       (57.8% logic, 42.2% route)

=========================================================================
Timing constraint: Default OFFSET IN BEFORE for Clock 'clk_div_unit/Rx_tmp'
  Total number of paths / destination ports: 10 / 10
-------------------------------------------------------------------------
Offset:              3.307ns (Levels of Logic = 2)
  Source:            rx (PAD)
  Destination:       Uart_rx_block/rx_cnt_3 (FF)
  Destination Clock: clk_div_unit/Rx_tmp rising

  Data Path: rx to Uart_rx_block/rx_cnt_3
                                Gate     Net
    Cell:in->out      fanout   Delay   Delay  Logical Name (Net Name)
    ----------------------------------------  ------------
     IBUF:I->O             7   1.222   0.878  rx_IBUF (rx_IBUF)
     LUT4:I2->O            4   0.203   0.683  Uart_rx_block/_n0209_inv1 (Uart_rx_block/_n0209_inv)
     FDE:CE                    0.322          Uart_rx_block/rx_cnt_0
    ----------------------------------------
    Total                      3.307ns (1.747ns logic, 1.560ns route)
                                       (52.8% logic, 47.2% route)

=========================================================================
Timing constraint: Default OFFSET OUT AFTER for Clock 'clk_div_unit/Rx_tmp'
  Total number of paths / destination ports: 3 / 3
-------------------------------------------------------------------------
Offset:              3.597ns (Levels of Logic = 1)
  Source:            Uart_rx_block/Led_2 (FF)
  Destination:       LED<2> (PAD)
  Source Clock:      clk_div_unit/Rx_tmp rising

  Data Path: Uart_rx_block/Led_2 to LED<2>
                                Gate     Net
    Cell:in->out      fanout   Delay   Delay  Logical Name (Net Name)
    ----------------------------------------  ------------
     FDE:C->Q              1   0.447   0.579  Uart_rx_block/Led_2 (Uart_rx_block/Led_2)
     OBUF:I->O                 2.571          LED_2_OBUF (LED<2>)
    ----------------------------------------
    Total                      3.597ns (3.018ns logic, 0.579ns route)
                                       (83.9% logic, 16.1% route)

=========================================================================

Cross Clock Domains Report:
--------------------------

Clock to Setup on destination clock clk_div_unit/Rx_tmp
-------------------+---------+---------+---------+---------+
                   | Src:Rise| Src:Fall| Src:Rise| Src:Fall|
Source Clock       |Dest:Rise|Dest:Rise|Dest:Fall|Dest:Fall|
-------------------+---------+---------+---------+---------+
clk_div_unit/Rx_tmp|    3.705|         |         |         |
-------------------+---------+---------+---------+---------+

Clock to Setup on destination clock clk_in
---------------+---------+---------+---------+---------+
               | Src:Rise| Src:Fall| Src:Rise| Src:Fall|
Source Clock   |Dest:Rise|Dest:Rise|Dest:Fall|Dest:Fall|
---------------+---------+---------+---------+---------+
clk_in         |    3.793|         |         |         |
---------------+---------+---------+---------+---------+

=========================================================================


Total REAL time to Xst completion: 9.00 secs
Total CPU time to Xst completion: 8.29 secs
 
--> 

Total memory usage is 258656 kilobytes

Number of errors   :    0 (   0 filtered)
Number of warnings :   36 (   0 filtered)
Number of infos    :    7 (   0 filtered)

