ISim log file
Running: C:\Xilinx\Project\Uart\Uart_txrx\simu_txrx_isim_beh.exe -intstyle ise -gui -tclbatch isim.cmd -wdb C:/Xilinx/Project/Uart/Uart_txrx/simu_txrx_isim_beh.wdb 
ISim P.49d (signature 0x7708f090)
----------------------------------------------------------------------
WARNING:Security:42 - Your software subscription period has lapsed. Your current version of Xilinx tools will continue to function, but you no longer qualify for Xilinx software updates or new releases.


----------------------------------------------------------------------
This is a Full version of ISim.
Time resolution is 1 ps
# onerror resume
# wave add /
# run 1000 ns
Simulator is doing circuit initialization process.
Finished circuit initialization process.
# restart
# run all
Simulator is doing circuit initialization process.
Finished circuit initialization process.
Stopped at time : 4428604 ns : File "C:/Xilinx/Project/Uart/Uart_txrx/simu_txrx.vhd" Line 88
# restart
# run all
Simulator is doing circuit initialization process.
Finished circuit initialization process.
Stopped at time : 8454685 ns : File "C:/Xilinx/Project/Uart/Uart_txrx/simu_txrx.vhd" Line 88
# run all
Stopped at time : 40060695500 ps : File "C:/Xilinx/Project/Uart/Uart_txrx/simu_txrx.vhd" Line 90
