--------------------------------------------------------------------------------
Release 14.4 Trace  (nt64)
Copyright (c) 1995-2012 Xilinx, Inc.  All rights reserved.

C:\Xilinx\14.4\ISE_DS\ISE\bin\nt64\unwrapped\trce.exe -intstyle ise -v 3 -s 3
-n 3 -fastpaths -xml Uart_top.twx Uart_top.ncd -o Uart_top.twr Uart_top.pcf
-ucf Uart.ucf

Design file:              Uart_top.ncd
Physical constraint file: Uart_top.pcf
Device,package,speed:     xc6slx45t,fgg484,C,-3 (PRODUCTION 1.23 2012-12-04)
Report level:             verbose report

Environment Variable      Effect 
--------------------      ------ 
NONE                      No environment variables were set
--------------------------------------------------------------------------------

INFO:Timing:2698 - No timing constraints found, doing default enumeration.
INFO:Timing:3412 - To improve timing, see the Timing Closure User Guide (UG612).
INFO:Timing:2752 - To get complete path coverage, use the unconstrained paths 
   option. All paths that are not constrained will be reported in the 
   unconstrained paths section(s) of the report.
INFO:Timing:3339 - The clock-to-out numbers in this timing report are based on 
   a 50 Ohm transmission line loading model.  For the details of this model, 
   and for more information on accounting for different loading conditions, 
   please see the device datasheet.



Data Sheet report:
-----------------
All values displayed in nanoseconds (ns)

Setup/Hold to clock clk_in
------------+------------+------------+------------+------------+------------------+--------+
            |Max Setup to|  Process   |Max Hold to |  Process   |                  | Clock  |
Source      | clk (edge) |   Corner   | clk (edge) |   Corner   |Internal Clock(s) | Phase  |
------------+------------+------------+------------+------------+------------------+--------+
Baudrate<0> |    6.593(R)|      SLOW  |   -3.829(R)|      FAST  |clk_in_BUFGP      |   0.000|
Baudrate<1> |    3.878(R)|      SLOW  |   -2.047(R)|      FAST  |clk_in_BUFGP      |   0.000|
Baudrate<2> |    3.445(R)|      SLOW  |   -2.013(R)|      FAST  |clk_in_BUFGP      |   0.000|
reset       |    6.458(R)|      SLOW  |   -2.146(R)|      FAST  |clk_in_BUFGP      |   0.000|
------------+------------+------------+------------+------------+------------------+--------+

Clock to Setup on destination clock clk_in
---------------+---------+---------+---------+---------+
               | Src:Rise| Src:Fall| Src:Rise| Src:Fall|
Source Clock   |Dest:Rise|Dest:Rise|Dest:Fall|Dest:Fall|
---------------+---------+---------+---------+---------+
clk_in         |    6.032|         |         |         |
---------------+---------+---------+---------+---------+


Analysis completed Fri Feb 28 22:53:50 2014 
--------------------------------------------------------------------------------

Trace Settings:
-------------------------
Trace Settings 

Peak Memory Usage: 267 MB



